0 info it worked if it ends with ok
1 verbose cli [ 'C:\\Program Files\\nodejs\\node.exe',
1 verbose cli   'C:\\Program Files\\nodejs\\node_modules\\npm\\bin\\npm-cli.js',
1 verbose cli   'link',
1 verbose cli   'express' ]
2 info using npm@1.2.11
3 info using node@v0.8.21
4 info E:\github\heroku\xiaoyan\node_modules\express unbuild
5 verbose read json E:\github\heroku\xiaoyan\node_modules\express\package.json
6 verbose link symlinking C:\Users\Yutao\AppData\Roaming\npm\node_modules\express to E:\github\heroku\xiaoyan\node_modules\express
7 error Error: EPERM, symlink 'C:\Users\Yutao\AppData\Roaming\npm\node_modules\express'
7 error  { [Error: EPERM, symlink 'C:\Users\Yutao\AppData\Roaming\npm\node_modules\express']
7 error   errno: 50,
7 error   code: 'EPERM',
7 error   path: 'C:\\Users\\Yutao\\AppData\\Roaming\\npm\\node_modules\\express' }
8 error Please try running this command again as root/Administrator.
9 error System Windows_NT 6.2.9200
10 error command "C:\\Program Files\\nodejs\\node.exe" "C:\\Program Files\\nodejs\\node_modules\\npm\\bin\\npm-cli.js" "link" "express"
11 error cwd E:\github\heroku\xiaoyan
12 error node -v v0.8.21
13 error npm -v 1.2.11
14 error path C:\Users\Yutao\AppData\Roaming\npm\node_modules\express
15 error code EPERM
16 error errno 50
17 error stack Error: EPERM, symlink 'C:\Users\Yutao\AppData\Roaming\npm\node_modules\express'
18 verbose exit [ 50, true ]
